# JRE version: Java(TM) SE Runtime Environment (7.0_51-b13) (build 1.7.0_51-b13)
# Java VM: Java HotSpot(TM) 64-Bit Server VM (24.51-b03 mixed mode linux-amd64 compressed oops)
Heap
 PSYoungGen      total 70656K, used 1408K [0x00000007d6480000, 0x00000007dae80000, 0x0000000800000000)
  eden space 65536K, 0% used [0x00000007d6480000,0x00000007d6480000,0x00000007da480000)
  from space 5120K, 27% used [0x00000007da480000,0x00000007da5e0070,0x00000007da980000)
  to   space 5120K, 0% used [0x00000007da980000,0x00000007da980000,0x00000007dae80000)
 ParOldGen       total 84992K, used 16K [0x0000000782e00000, 0x0000000788100000, 0x00000007d6480000)
  object space 84992K, 0% used [0x0000000782e00000,0x0000000782e04000,0x0000000788100000)
 PSPermGen       total 21504K, used 6604K [0x000000077dc00000, 0x000000077f100000, 0x0000000782e00000)
  object space 21504K, 30% used [0x000000077dc00000,0x000000077e273088,0x000000077f100000)
GC Heap History (9 events):
Event: 0,980 GC heap before
{Heap before GC invocations=1 (full 0):
 PSYoungGen      total 37888K, used 32768K [0x00000007d6480000, 0x00000007d8e80000, 0x0000000800000000)
  eden space 32768K, 100% used [0x00000007d6480000,0x00000007d8480000,0x00000007d8480000)
  from space 5120K, 0% used [0x00000007d8980000,0x00000007d8980000,0x00000007d8e80000)
  to   space 5120K, 0% used [0x00000007d8480000,0x00000007d8480000,0x00000007d8980000)
 ParOldGen       total 84992K, used 0K [0x0000000782e00000, 0x0000000788100000, 0x00000007d6480000)
  object space 84992K, 0% used [0x0000000782e00000,0x0000000782e00000,0x0000000788100000)
 PSPermGen       total 21504K, used 6602K [0x000000077dc00000, 0x000000077f100000, 0x0000000782e00000)
  object space 21504K, 30% used [0x000000077dc00000,0x000000077e272a78,0x000000077f100000)
Event: 0,991 GC heap after
Heap after GC invocations=1 (full 0):
 PSYoungGen      total 37888K, used 3559K [0x00000007d6480000, 0x00000007d8e80000, 0x0000000800000000)
  eden space 32768K, 0% used [0x00000007d6480000,0x00000007d6480000,0x00000007d8480000)
  from space 5120K, 69% used [0x00000007d8480000,0x00000007d87f9d20,0x00000007d8980000)
  to   space 5120K, 0% used [0x00000007d8980000,0x00000007d8980000,0x00000007d8e80000)
 ParOldGen       total 84992K, used 8K [0x0000000782e00000, 0x0000000788100000, 0x00000007d6480000)
  object space 84992K, 0% used [0x0000000782e00000,0x0000000782e02000,0x0000000788100000)
 PSPermGen       total 21504K, used 6602K [0x000000077dc00000, 0x000000077f100000, 0x0000000782e00000)
  object space 21504K, 30% used [0x000000077dc00000,0x000000077e272a78,0x000000077f100000)
}
Event: 1,003 GC heap before
{Heap before GC invocations=2 (full 0):
 PSYoungGen      total 37888K, used 36310K [0x00000007d6480000, 0x00000007d8e80000, 0x0000000800000000)
  eden space 32768K, 99% used [0x00000007d6480000,0x00000007d847bba0,0x00000007d8480000)
  from space 5120K, 69% used [0x00000007d8480000,0x00000007d87f9d20,0x00000007d8980000)
  to   space 5120K, 0% used [0x00000007d8980000,0x00000007d8980000,0x00000007d8e80000)
 ParOldGen       total 84992K, used 8K [0x0000000782e00000, 0x0000000788100000, 0x00000007d6480000)
  object space 84992K, 0% used [0x0000000782e00000,0x0000000782e02000,0x0000000788100000)
 PSPermGen       total 21504K, used 6604K [0x000000077dc00000, 0x000000077f100000, 0x0000000782e00000)
  object space 21504K, 30% used [0x000000077dc00000,0x000000077e273088,0x000000077f100000)
Event: 1,007 GC heap after
Heap after GC invocations=2 (full 0):
 PSYoungGen      total 37888K, used 1456K [0x00000007d6480000, 0x00000007dae80000, 0x0000000800000000)
  eden space 32768K, 0% used [0x00000007d6480000,0x00000007d6480000,0x00000007d8480000)
  from space 5120K, 28% used [0x00000007d8980000,0x00000007d8aec060,0x00000007d8e80000)
  to   space 5120K, 0% used [0x00000007d8480000,0x00000007d8480000,0x00000007d8980000)
 ParOldGen       total 84992K, used 8K [0x0000000782e00000, 0x0000000788100000, 0x00000007d6480000)
  object space 84992K, 0% used [0x0000000782e00000,0x0000000782e02000,0x0000000788100000)
 PSPermGen       total 21504K, used 6604K [0x000000077dc00000, 0x000000077f100000, 0x0000000782e00000)
  object space 21504K, 30% used [0x000000077dc00000,0x000000077e273088,0x000000077f100000)
}
Event: 1,011 GC heap before
{Heap before GC invocations=3 (full 0):
 PSYoungGen      total 37888K, used 34224K [0x00000007d6480000, 0x00000007dae80000, 0x0000000800000000)
  eden space 32768K, 100% used [0x00000007d6480000,0x00000007d8480000,0x00000007d8480000)
  from space 5120K, 28% used [0x00000007d8980000,0x00000007d8aec060,0x00000007d8e80000)
  to   space 5120K, 0% used [0x00000007d8480000,0x00000007d8480000,0x00000007d8980000)
 ParOldGen       total 84992K, used 8K [0x0000000782e00000, 0x0000000788100000, 0x00000007d6480000)
  object space 84992K, 0% used [0x0000000782e00000,0x0000000782e02000,0x0000000788100000)
 PSPermGen       total 21504K, used 6604K [0x000000077dc00000, 0x000000077f100000, 0x0000000782e00000)
  object space 21504K, 30% used [0x000000077dc00000,0x000000077e273088,0x000000077f100000)
Event: 1,014 GC heap after
Heap after GC invocations=3 (full 0):
 PSYoungGen      total 37888K, used 1376K [0x00000007d6480000, 0x00000007dae80000, 0x0000000800000000)
  eden space 32768K, 0% used [0x00000007d6480000,0x00000007d6480000,0x00000007d8480000)
  from space 5120K, 26% used [0x00000007d8480000,0x00000007d85d8070,0x00000007d8980000)
  to   space 5120K, 0% used [0x00000007da980000,0x00000007da980000,0x00000007dae80000)
 ParOldGen       total 84992K, used 8K [0x0000000782e00000, 0x0000000788100000, 0x00000007d6480000)
  object space 84992K, 0% used [0x0000000782e00000,0x0000000782e02000,0x0000000788100000)
 PSPermGen       total 21504K, used 6604K [0x000000077dc00000, 0x000000077f100000, 0x0000000782e00000)
  object space 21504K, 30% used [0x000000077dc00000,0x000000077e273088,0x000000077f100000)
}
Event: 1,019 GC heap before
{Heap before GC invocations=4 (full 0):
 PSYoungGen      total 37888K, used 34128K [0x00000007d6480000, 0x00000007dae80000, 0x0000000800000000)
  eden space 32768K, 99% used [0x00000007d6480000,0x00000007d847c2a0,0x00000007d8480000)
  from space 5120K, 26% used [0x00000007d8480000,0x00000007d85d8070,0x00000007d8980000)
  to   space 5120K, 0% used [0x00000007da980000,0x00000007da980000,0x00000007dae80000)
 ParOldGen       total 84992K, used 8K [0x0000000782e00000, 0x0000000788100000, 0x00000007d6480000)
  object space 84992K, 0% used [0x0000000782e00000,0x0000000782e02000,0x0000000788100000)
 PSPermGen       total 21504K, used 6604K [0x000000077dc00000, 0x000000077f100000, 0x0000000782e00000)
  object space 21504K, 30% used [0x000000077dc00000,0x000000077e273088,0x000000077f100000)
Event: 1,021 GC heap after
Heap after GC invocations=4 (full 0):
 PSYoungGen      total 70656K, used 1376K [0x00000007d6480000, 0x00000007dae80000, 0x0000000800000000)
  eden space 65536K, 0% used [0x00000007d6480000,0x00000007d6480000,0x00000007da480000)
  from space 5120K, 26% used [0x00000007da980000,0x00000007daad8070,0x00000007dae80000)
  to   space 5120K, 0% used [0x00000007da480000,0x00000007da480000,0x00000007da980000)
 ParOldGen       total 84992K, used 8K [0x0000000782e00000, 0x0000000788100000, 0x00000007d6480000)
  object space 84992K, 0% used [0x0000000782e00000,0x0000000782e02000,0x0000000788100000)
 PSPermGen       total 21504K, used 6604K [0x000000077dc00000, 0x000000077f100000, 0x0000000782e00000)
  object space 21504K, 30% used [0x000000077dc00000,0x000000077e273088,0x000000077f100000)
}
Event: 1,050 GC heap before
{Heap before GC invocations=5 (full 0):
 PSYoungGen      total 70656K, used 66912K [0x00000007d6480000, 0x00000007dae80000, 0x0000000800000000)
  eden space 65536K, 100% used [0x00000007d6480000,0x00000007da480000,0x00000007da480000)
  from space 5120K, 26% used [0x00000007da980000,0x00000007daad8070,0x00000007dae80000)
  to   space 5120K, 0% used [0x00000007da480000,0x00000007da480000,0x00000007da980000)
 ParOldGen       total 84992K, used 8K [0x0000000782e00000, 0x0000000788100000, 0x00000007d6480000)
  object space 84992K, 0% used [0x0000000782e00000,0x0000000782e02000,0x0000000788100000)
 PSPermGen       total 21504K, used 6604K [0x000000077dc00000, 0x000000077f100000, 0x0000000782e00000)
  object space 21504K, 30% used [0x000000077dc00000,0x000000077e273088,0x000000077f100000)

