# JRE version: Java(TM) SE Runtime Environment (7.0_51-b13) (build 1.7.0_51-b13)
# Java VM: Java HotSpot(TM) 64-Bit Server VM (24.51-b03 mixed mode linux-amd64 compressed oops)
Heap
 PSYoungGen      total 70656K, used 1440K [0x00000007d6480000, 0x00000007dae80000, 0x0000000800000000)
  eden space 65536K, 0% used [0x00000007d6480000,0x00000007d6480000,0x00000007da480000)
  from space 5120K, 28% used [0x00000007da480000,0x00000007da5e8070,0x00000007da980000)
  to   space 5120K, 0% used [0x00000007da980000,0x00000007da980000,0x00000007dae80000)
 ParOldGen       total 84992K, used 16K [0x0000000782e00000, 0x0000000788100000, 0x00000007d6480000)
  object space 84992K, 0% used [0x0000000782e00000,0x0000000782e04000,0x0000000788100000)
 PSPermGen       total 21504K, used 6604K [0x000000077dc00000, 0x000000077f100000, 0x0000000782e00000)
  object space 21504K, 30% used [0x000000077dc00000,0x000000077e273088,0x000000077f100000)
GC Heap History (9 events):
Event: 2,230 GC heap before
{Heap before GC invocations=1 (full 0):
 PSYoungGen      total 37888K, used 32768K [0x00000007d6480000, 0x00000007d8e80000, 0x0000000800000000)
  eden space 32768K, 100% used [0x00000007d6480000,0x00000007d8480000,0x00000007d8480000)
  from space 5120K, 0% used [0x00000007d8980000,0x00000007d8980000,0x00000007d8e80000)
  to   space 5120K, 0% used [0x00000007d8480000,0x00000007d8480000,0x00000007d8980000)
 ParOldGen       total 84992K, used 0K [0x0000000782e00000, 0x0000000788100000, 0x00000007d6480000)
  object space 84992K, 0% used [0x0000000782e00000,0x0000000782e00000,0x0000000788100000)
 PSPermGen       total 21504K, used 6602K [0x000000077dc00000, 0x000000077f100000, 0x0000000782e00000)
  object space 21504K, 30% used [0x000000077dc00000,0x000000077e272a78,0x000000077f100000)
Event: 2,247 GC heap after
Heap after GC invocations=1 (full 0):
 PSYoungGen      total 37888K, used 3517K [0x00000007d6480000, 0x00000007d8e80000, 0x0000000800000000)
  eden space 32768K, 0% used [0x00000007d6480000,0x00000007d6480000,0x00000007d8480000)
  from space 5120K, 68% used [0x00000007d8480000,0x00000007d87ef738,0x00000007d8980000)
  to   space 5120K, 0% used [0x00000007d8980000,0x00000007d8980000,0x00000007d8e80000)
 ParOldGen       total 84992K, used 8K [0x0000000782e00000, 0x0000000788100000, 0x00000007d6480000)
  object space 84992K, 0% used [0x0000000782e00000,0x0000000782e02000,0x0000000788100000)
 PSPermGen       total 21504K, used 6602K [0x000000077dc00000, 0x000000077f100000, 0x0000000782e00000)
  object space 21504K, 30% used [0x000000077dc00000,0x000000077e272a78,0x000000077f100000)
}
Event: 2,281 GC heap before
{Heap before GC invocations=2 (full 0):
 PSYoungGen      total 37888K, used 36285K [0x00000007d6480000, 0x00000007d8e80000, 0x0000000800000000)
  eden space 32768K, 99% used [0x00000007d6480000,0x00000007d847fd98,0x00000007d8480000)
  from space 5120K, 68% used [0x00000007d8480000,0x00000007d87ef738,0x00000007d8980000)
  to   space 5120K, 0% used [0x00000007d8980000,0x00000007d8980000,0x00000007d8e80000)
 ParOldGen       total 84992K, used 8K [0x0000000782e00000, 0x0000000788100000, 0x00000007d6480000)
  object space 84992K, 0% used [0x0000000782e00000,0x0000000782e02000,0x0000000788100000)
 PSPermGen       total 21504K, used 6604K [0x000000077dc00000, 0x000000077f100000, 0x0000000782e00000)
  object space 21504K, 30% used [0x000000077dc00000,0x000000077e273088,0x000000077f100000)
Event: 2,295 GC heap after
Heap after GC invocations=2 (full 0):
 PSYoungGen      total 37888K, used 1440K [0x00000007d6480000, 0x00000007dae80000, 0x0000000800000000)
  eden space 32768K, 0% used [0x00000007d6480000,0x00000007d6480000,0x00000007d8480000)
  from space 5120K, 28% used [0x00000007d8980000,0x00000007d8ae8090,0x00000007d8e80000)
  to   space 5120K, 0% used [0x00000007d8480000,0x00000007d8480000,0x00000007d8980000)
 ParOldGen       total 84992K, used 16K [0x0000000782e00000, 0x0000000788100000, 0x00000007d6480000)
  object space 84992K, 0% used [0x0000000782e00000,0x0000000782e04000,0x0000000788100000)
 PSPermGen       total 21504K, used 6604K [0x000000077dc00000, 0x000000077f100000, 0x0000000782e00000)
  object space 21504K, 30% used [0x000000077dc00000,0x000000077e273088,0x000000077f100000)
}
Event: 2,301 GC heap before
{Heap before GC invocations=3 (full 0):
 PSYoungGen      total 37888K, used 34208K [0x00000007d6480000, 0x00000007dae80000, 0x0000000800000000)
  eden space 32768K, 100% used [0x00000007d6480000,0x00000007d8480000,0x00000007d8480000)
  from space 5120K, 28% used [0x00000007d8980000,0x00000007d8ae8090,0x00000007d8e80000)
  to   space 5120K, 0% used [0x00000007d8480000,0x00000007d8480000,0x00000007d8980000)
 ParOldGen       total 84992K, used 16K [0x0000000782e00000, 0x0000000788100000, 0x00000007d6480000)
  object space 84992K, 0% used [0x0000000782e00000,0x0000000782e04000,0x0000000788100000)
 PSPermGen       total 21504K, used 6604K [0x000000077dc00000, 0x000000077f100000, 0x0000000782e00000)
  object space 21504K, 30% used [0x000000077dc00000,0x000000077e273088,0x000000077f100000)
Event: 2,309 GC heap after
Heap after GC invocations=3 (full 0):
 PSYoungGen      total 37888K, used 1376K [0x00000007d6480000, 0x00000007dae80000, 0x0000000800000000)
  eden space 32768K, 0% used [0x00000007d6480000,0x00000007d6480000,0x00000007d8480000)
  from space 5120K, 26% used [0x00000007d8480000,0x00000007d85d8070,0x00000007d8980000)
  to   space 5120K, 0% used [0x00000007da980000,0x00000007da980000,0x00000007dae80000)
 ParOldGen       total 84992K, used 16K [0x0000000782e00000, 0x0000000788100000, 0x00000007d6480000)
  object space 84992K, 0% used [0x0000000782e00000,0x0000000782e04000,0x0000000788100000)
 PSPermGen       total 21504K, used 6604K [0x000000077dc00000, 0x000000077f100000, 0x0000000782e00000)
  object space 21504K, 30% used [0x000000077dc00000,0x000000077e273088,0x000000077f100000)
}
Event: 2,315 GC heap before
{Heap before GC invocations=4 (full 0):
 PSYoungGen      total 37888K, used 34129K [0x00000007d6480000, 0x00000007dae80000, 0x0000000800000000)
  eden space 32768K, 99% used [0x00000007d6480000,0x00000007d847c5e0,0x00000007d8480000)
  from space 5120K, 26% used [0x00000007d8480000,0x00000007d85d8070,0x00000007d8980000)
  to   space 5120K, 0% used [0x00000007da980000,0x00000007da980000,0x00000007dae80000)
 ParOldGen       total 84992K, used 16K [0x0000000782e00000, 0x0000000788100000, 0x00000007d6480000)
  object space 84992K, 0% used [0x0000000782e00000,0x0000000782e04000,0x0000000788100000)
 PSPermGen       total 21504K, used 6604K [0x000000077dc00000, 0x000000077f100000, 0x0000000782e00000)
  object space 21504K, 30% used [0x000000077dc00000,0x000000077e273088,0x000000077f100000)
Event: 2,322 GC heap after
Heap after GC invocations=4 (full 0):
 PSYoungGen      total 70656K, used 1424K [0x00000007d6480000, 0x00000007dae80000, 0x0000000800000000)
  eden space 65536K, 0% used [0x00000007d6480000,0x00000007d6480000,0x00000007da480000)
  from space 5120K, 27% used [0x00000007da980000,0x00000007daae4080,0x00000007dae80000)
  to   space 5120K, 0% used [0x00000007da480000,0x00000007da480000,0x00000007da980000)
 ParOldGen       total 84992K, used 16K [0x0000000782e00000, 0x0000000788100000, 0x00000007d6480000)
  object space 84992K, 0% used [0x0000000782e00000,0x0000000782e04000,0x0000000788100000)
 PSPermGen       total 21504K, used 6604K [0x000000077dc00000, 0x000000077f100000, 0x0000000782e00000)
  object space 21504K, 30% used [0x000000077dc00000,0x000000077e273088,0x000000077f100000)
}
Event: 3,189 GC heap before
{Heap before GC invocations=5 (full 0):
 PSYoungGen      total 70656K, used 66960K [0x00000007d6480000, 0x00000007dae80000, 0x0000000800000000)
  eden space 65536K, 100% used [0x00000007d6480000,0x00000007da480000,0x00000007da480000)
  from space 5120K, 27% used [0x00000007da980000,0x00000007daae4080,0x00000007dae80000)
  to   space 5120K, 0% used [0x00000007da480000,0x00000007da480000,0x00000007da980000)
 ParOldGen       total 84992K, used 16K [0x0000000782e00000, 0x0000000788100000, 0x00000007d6480000)
  object space 84992K, 0% used [0x0000000782e00000,0x0000000782e04000,0x0000000788100000)
 PSPermGen       total 21504K, used 6604K [0x000000077dc00000, 0x000000077f100000, 0x0000000782e00000)
  object space 21504K, 30% used [0x000000077dc00000,0x000000077e273088,0x000000077f100000)

